<?xml version="1.0" encoding="UTF-8"?>
<!-- Generated by org.testng.reporters.JUnitXMLReporter -->
<testsuite hostname="streamline68" ignored="2" name="LinuxFirefox" tests="3" failures="0" timestamp="09 Jul 2017 16:01:18 GMT" time="60.976" errors="0">
  <testcase name="testValidLoginLogout" time="7.371" classname="com.zoho.tests.ValidLoginLogout"/>
  <testcase name="testInvalidLogin" time="9.675" classname="com.zoho.tests.InvalidLogin"/>
  <testcase name="testVerifyVersion" time="11.087" classname="com.zoho.tests.VerifyVersion"/>
  <testcase name="@BeforeSuite setDriverPath" time="0.0" classname="generics.BaseTest">
    <ignored/>
  </testcase> <!-- @BeforeSuite setDriverPath -->
  <testcase name="@BeforeSuite setDriverPath" time="0.0" classname="generics.BaseTest">
    <ignored/>
  </testcase> <!-- @BeforeSuite setDriverPath -->
</testsuite> <!-- LinuxFirefox -->
