<?xml version="1.0" encoding="UTF-8"?>
<!-- Generated by org.testng.reporters.JUnitXMLReporter -->
<testsuite hostname="SELENIUM-PC" ignored="3" name="RegressionTest" tests="2" failures="0" timestamp="09 Jul 2017 05:21:56 GMT" time="46.228" errors="0">
  <testcase name="testValidLoginLogout" time="12.852" classname="com.zoho.tests.ValidLoginLogout"/>
  <testcase name="testVerifyVersion" time="10.935" classname="com.zoho.tests.VerifyVersion"/>
  <testcase name="testInvalidLogin" time="0.0" classname="com.zoho.tests.InvalidLogin">
    <ignored/>
  </testcase> <!-- testInvalidLogin -->
  <testcase name="@BeforeSuite setDriverPath" time="0.0" classname="generics.BaseTest">
    <ignored/>
  </testcase> <!-- @BeforeSuite setDriverPath -->
  <testcase name="@BeforeSuite setDriverPath" time="0.0" classname="generics.BaseTest">
    <ignored/>
  </testcase> <!-- @BeforeSuite setDriverPath -->
</testsuite> <!-- RegressionTest -->
