<?xml version="1.0" encoding="UTF-8"?>
<!-- Generated by org.testng.reporters.JUnitXMLReporter -->
<testsuite hostname="SELENIUM-PC" ignored="2" name="TestChrome" tests="3" failures="0" timestamp="09 Jul 2017 06:14:42 GMT" time="36.868" errors="0">
  <testcase name="testValidLoginLogout" time="5.678" classname="com.zoho.tests.ValidLoginLogout"/>
  <testcase name="testInvalidLogin" time="4.411" classname="com.zoho.tests.InvalidLogin"/>
  <testcase name="testVerifyVersion" time="7.714" classname="com.zoho.tests.VerifyVersion"/>
  <testcase name="@BeforeSuite setDriverPath" time="0.0" classname="generics.BaseTest">
    <ignored/>
  </testcase> <!-- @BeforeSuite setDriverPath -->
  <testcase name="@BeforeSuite setDriverPath" time="0.0" classname="generics.BaseTest">
    <ignored/>
  </testcase> <!-- @BeforeSuite setDriverPath -->
</testsuite> <!-- TestChrome -->
