<?xml version="1.0" encoding="UTF-8"?>
<!-- Generated by org.testng.reporters.JUnitXMLReporter -->
<testsuite hostname="SELENIUM-PC" ignored="2" name="TestFF" tests="3" failures="0" timestamp="09 Jul 2017 05:25:39 GMT" time="71.616" errors="0">
  <testcase name="testValidLoginLogout" time="12.716" classname="com.zoho.tests.ValidLoginLogout"/>
  <testcase name="testInvalidLogin" time="10.11" classname="com.zoho.tests.InvalidLogin"/>
  <testcase name="testVerifyVersion" time="11.033" classname="com.zoho.tests.VerifyVersion"/>
  <testcase name="@BeforeSuite setDriverPath" time="0.0" classname="generics.BaseTest">
    <ignored/>
  </testcase> <!-- @BeforeSuite setDriverPath -->
  <testcase name="@BeforeSuite setDriverPath" time="0.0" classname="generics.BaseTest">
    <ignored/>
  </testcase> <!-- @BeforeSuite setDriverPath -->
</testsuite> <!-- TestFF -->
