<?xml version="1.0" encoding="UTF-8"?>
<!-- Generated by org.testng.reporters.JUnitXMLReporter -->
<testsuite hostname="SELENIUM-PC" ignored="2" name="TestFirefox" tests="3" failures="0" timestamp="09 Jul 2017 06:15:24 GMT" time="42.153" errors="0">
  <testcase name="testValidLoginLogout" time="6.273" classname="com.zoho.tests.ValidLoginLogout"/>
  <testcase name="testInvalidLogin" time="7.077" classname="com.zoho.tests.InvalidLogin"/>
  <testcase name="testVerifyVersion" time="10.594" classname="com.zoho.tests.VerifyVersion"/>
  <testcase name="@BeforeSuite setDriverPath" time="0.0" classname="generics.BaseTest">
    <ignored/>
  </testcase> <!-- @BeforeSuite setDriverPath -->
  <testcase name="@BeforeSuite setDriverPath" time="0.0" classname="generics.BaseTest">
    <ignored/>
  </testcase> <!-- @BeforeSuite setDriverPath -->
</testsuite> <!-- TestFirefox -->
