<?xml version="1.0" encoding="UTF-8"?>
<!-- Generated by org.testng.reporters.JUnitXMLReporter -->
<testsuite hostname="streamline68" ignored="2" name="Win7Chrome" tests="3" failures="0" timestamp="09 Jul 2017 16:01:01 GMT" time="44.287" errors="0">
  <testcase name="testValidLoginLogout" time="5.653" classname="com.zoho.tests.ValidLoginLogout"/>
  <testcase name="testInvalidLogin" time="4.424" classname="com.zoho.tests.InvalidLogin"/>
  <testcase name="testVerifyVersion" time="7.605" classname="com.zoho.tests.VerifyVersion"/>
  <testcase name="@BeforeSuite setDriverPath" time="0.0" classname="generics.BaseTest">
    <ignored/>
  </testcase> <!-- @BeforeSuite setDriverPath -->
  <testcase name="@BeforeSuite setDriverPath" time="0.0" classname="generics.BaseTest">
    <ignored/>
  </testcase> <!-- @BeforeSuite setDriverPath -->
</testsuite> <!-- Win7Chrome -->
